<?xml version="1.0" encoding="UTF-8"?>
<testng-results ignored="0" total="1" passed="1" failed="0" skipped="0">
  <reporter-output>
  </reporter-output>
  <suite started-at="2021-10-08T13:43:48Z" name="Suite" finished-at="2021-10-08T13:44:27Z" duration-ms="39531">
    <groups>
    </groups>
    <test started-at="2021-10-08T13:43:48Z" name="Test" finished-at="2021-10-08T13:44:27Z" duration-ms="39531">
      <class name="google.GoogleTest">
        <test-method signature="getdata()[pri:0, instance:google.GoogleTest@71e693fa]" started-at="2021-10-08T13:43:48Z" name="getdata" finished-at="2021-10-08T13:44:27Z" duration-ms="39492" status="PASS">
          <reporter-output>
          </reporter-output>
        </test-method> <!-- getdata -->
      </class> <!-- google.GoogleTest -->
    </test> <!-- Test -->
  </suite> <!-- Suite -->
</testng-results>
